<?xml version="1.0" encoding="UTF-8"?>
<testsuite name="test.com.loatr.excel.SimpleTest" tests="1" skipped="0" failures="0" errors="0" timestamp="2020-09-12T09:59:37" hostname="LOATR" time="0.726">
  <properties/>
  <testcase name="test" classname="test.com.loatr.excel.SimpleTest" time="0.726"/>
  <system-out><![CDATA[]]></system-out>
  <system-err><![CDATA[]]></system-err>
</testsuite>
